0 verbose cli /usr/bin/node /usr/bin/npm
1 info using npm@9.2.0
2 info using node@v18.19.1
3 timing npm:load:whichnode Completed in 1ms
4 timing config:load:defaults Completed in 6ms
5 timing config:load:file:/usr/share/nodejs/npm/npmrc Completed in 7ms
6 timing config:load:builtin Completed in 7ms
7 timing config:load:cli Completed in 7ms
8 timing config:load:env Completed in 2ms
9 timing config:load:file:/mnt/c/Users/felip/Desenvolvimento_web/Aula_008/unifaat-2026-dw-project/.npmrc Completed in 2ms
10 timing config:load:project Completed in 22ms
11 timing config:load:file:/home/felipemariano/.npmrc Completed in 0ms
12 timing config:load:user Completed in 1ms
13 timing config:load:file:/etc/npmrc Completed in 0ms
14 timing config:load:global Completed in 0ms
15 timing config:load:setEnvs Completed in 3ms
16 timing config:load Completed in 50ms
17 timing npm:load:configload Completed in 50ms
18 timing npm:load:mkdirpcache Completed in 1ms
19 timing npm:load:mkdirplogs Completed in 1ms
20 verbose title npm install axios
21 verbose argv "install" "axios"
22 timing npm:load:setTitle Completed in 3ms
23 timing config:load:flatten Completed in 9ms
24 timing npm:load:display Completed in 11ms
25 verbose logfile logs-max:10 dir:/home/felipemariano/.npm/_logs/2026-04-23T23_37_59_173Z-
26 verbose logfile /home/felipemariano/.npm/_logs/2026-04-23T23_37_59_173Z-debug-0.log
27 timing npm:load:logFile Completed in 21ms
28 timing npm:load:timers Completed in 0ms
29 timing npm:load:configScope Completed in 0ms
30 timing npm:load Completed in 89ms
31 silly logfile done cleaning log files
32 timing config:load:flatten Completed in 2ms
33 timing arborist:ctor Completed in 2ms
34 timing idealTree:init Completed in 272ms
35 timing idealTree:userRequests Completed in 7ms
36 silly idealTree buildDeps
37 silly fetch manifest axios@*
38 timing arborist:ctor Completed in 1ms
39 http fetch GET 200 https://registry.npmjs.org/axios 435ms (cache miss)
40 silly placeDep ROOT axios@1.15.2 OK for: unifaat-desenvolvimento-web@1.0.0 want: *
41 silly fetch manifest follow-redirects@^1.15.11
42 silly fetch manifest form-data@^4.0.5
43 silly fetch manifest proxy-from-env@^2.1.0
44 http fetch GET 200 https://registry.npmjs.org/form-data 51ms (cache miss)
45 http fetch GET 200 https://registry.npmjs.org/proxy-from-env 85ms (cache miss)
46 http fetch GET 200 https://registry.npmjs.org/follow-redirects 97ms (cache miss)
47 timing idealTree:#root Completed in 567ms
48 silly placeDep ROOT follow-redirects@1.16.0 OK for: axios@1.15.2 want: ^1.15.11
49 silly placeDep ROOT form-data@4.0.5 OK for: axios@1.15.2 want: ^4.0.5
50 silly placeDep ROOT proxy-from-env@2.1.0 OK for: axios@1.15.2 want: ^2.1.0
51 silly fetch manifest asynckit@^0.4.0
52 silly fetch manifest combined-stream@^1.0.8
53 silly fetch manifest es-set-tostringtag@^2.1.0
54 silly fetch manifest mime-types@^2.1.12
55 http fetch GET 200 https://registry.npmjs.org/combined-stream 81ms (cache miss)
56 http fetch GET 200 https://registry.npmjs.org/es-set-tostringtag 87ms (cache miss)
57 http fetch GET 200 https://registry.npmjs.org/asynckit 91ms (cache miss)
58 http fetch GET 200 https://registry.npmjs.org/mime-types 105ms (cache miss)
59 timing idealTree:node_modules/axios Completed in 131ms
60 timing idealTree:node_modules/follow-redirects Completed in 0ms
61 silly placeDep ROOT asynckit@0.4.0 OK for: form-data@4.0.5 want: ^0.4.0
62 silly placeDep ROOT combined-stream@1.0.8 OK for: form-data@4.0.5 want: ^1.0.8
63 silly placeDep ROOT es-set-tostringtag@2.1.0 OK for: form-data@4.0.5 want: ^2.1.0
64 silly placeDep node_modules/form-data mime-types@2.1.35 OK for: form-data@4.0.5 want: ^2.1.12
65 silly fetch manifest delayed-stream@~1.0.0
66 silly fetch manifest has-tostringtag@^1.0.2
67 silly fetch manifest mime-db@1.52.0
68 http fetch GET 200 https://registry.npmjs.org/has-tostringtag 63ms (cache miss)
69 http fetch GET 200 https://registry.npmjs.org/delayed-stream 68ms (cache miss)
70 http fetch GET 200 https://registry.npmjs.org/mime-db 71ms (cache miss)
71 timing idealTree:node_modules/form-data Completed in 96ms
72 timing idealTree:node_modules/asynckit Completed in 0ms
73 silly placeDep ROOT delayed-stream@1.0.0 OK for: combined-stream@1.0.8 want: ~1.0.0
74 timing idealTree:node_modules/combined-stream Completed in 3ms
75 timing idealTree:node_modules/delayed-stream Completed in 0ms
76 silly placeDep ROOT has-tostringtag@1.0.2 OK for: es-set-tostringtag@2.1.0 want: ^1.0.2
77 timing idealTree:node_modules/es-set-tostringtag Completed in 3ms
78 timing idealTree:node_modules/has-tostringtag Completed in 0ms
79 timing idealTree:node_modules/proxy-from-env Completed in 0ms
80 silly placeDep node_modules/form-data mime-db@1.52.0 OK for: mime-types@2.1.35 want: 1.52.0
81 timing idealTree:node_modules/form-data/node_modules/mime-types Completed in 4ms
82 timing idealTree:node_modules/form-data/node_modules/mime-db Completed in 0ms
83 timing idealTree:buildDeps Completed in 809ms
84 timing idealTree:fixDepFlags Completed in 3ms
85 timing idealTree Completed in 1099ms
86 timing reify:loadTrees Completed in 1102ms
87 timing reify:diffTrees Completed in 38ms
88 silly reify moves {}
89 timing reify:retireShallow Completed in 3ms
90 timing reify:createSparse Completed in 56ms
91 timing reify:loadBundles Completed in 0ms
92 silly audit bulk request {
92 silly audit   accepts: [ '2.0.0' ],
92 silly audit   anymatch: [ '3.1.3' ],
92 silly audit   'balanced-match': [ '4.0.4' ],
92 silly audit   'binary-extensions': [ '2.3.0' ],
92 silly audit   'body-parser': [ '2.2.2' ],
92 silly audit   'brace-expansion': [ '5.0.5' ],
92 silly audit   braces: [ '3.0.3' ],
92 silly audit   bytes: [ '3.1.2' ],
92 silly audit   'call-bind-apply-helpers': [ '1.0.2' ],
92 silly audit   'call-bound': [ '1.0.4' ],
92 silly audit   chalk: [ '5.6.2' ],
92 silly audit   chokidar: [ '3.6.0' ],
92 silly audit   'content-disposition': [ '1.1.0' ],
92 silly audit   'content-type': [ '1.0.5' ],
92 silly audit   cookie: [ '0.7.2' ],
92 silly audit   'cookie-signature': [ '1.2.2' ],
92 silly audit   debug: [ '4.4.3' ],
92 silly audit   depd: [ '2.0.0' ],
92 silly audit   'dunder-proto': [ '1.0.1' ],
92 silly audit   'ee-first': [ '1.1.1' ],
92 silly audit   encodeurl: [ '2.0.0' ],
92 silly audit   'es-define-property': [ '1.0.1' ],
92 silly audit   'es-errors': [ '1.3.0' ],
92 silly audit   'es-object-atoms': [ '1.1.1' ],
92 silly audit   'escape-html': [ '1.0.3' ],
92 silly audit   etag: [ '1.8.1' ],
92 silly audit   express: [ '5.2.1' ],
92 silly audit   'fill-range': [ '7.1.1' ],
92 silly audit   finalhandler: [ '2.1.1' ],
92 silly audit   forwarded: [ '0.2.0' ],
92 silly audit   fresh: [ '2.0.0' ],
92 silly audit   fsevents: [ '2.3.3' ],
92 silly audit   'function-bind': [ '1.1.2' ],
92 silly audit   'get-intrinsic': [ '1.3.0' ],
92 silly audit   'get-proto': [ '1.0.1' ],
92 silly audit   'glob-parent': [ '5.1.2' ],
92 silly audit   gopd: [ '1.2.0' ],
92 silly audit   'has-flag': [ '3.0.0' ],
92 silly audit   'has-symbols': [ '1.1.0' ],
92 silly audit   hasown: [ '2.0.3' ],
92 silly audit   'http-errors': [ '2.0.1' ],
92 silly audit   'iconv-lite': [ '0.7.2' ],
92 silly audit   'ignore-by-default': [ '1.0.1' ],
92 silly audit   inherits: [ '2.0.4' ],
92 silly audit   'ipaddr.js': [ '1.9.1' ],
92 silly audit   'is-binary-path': [ '2.1.0' ],
92 silly audit   'is-extglob': [ '2.1.1' ],
92 silly audit   'is-glob': [ '4.0.3' ],
92 silly audit   'is-number': [ '7.0.0' ],
92 silly audit   'is-promise': [ '4.0.0' ],
92 silly audit   'math-intrinsics': [ '1.1.0' ],
92 silly audit   'media-typer': [ '1.1.0' ],
92 silly audit   'merge-descriptors': [ '2.0.0' ],
92 silly audit   'mime-db': [ '1.54.0', '1.52.0' ],
92 silly audit   'mime-types': [ '3.0.2', '2.1.35' ],
92 silly audit   minimatch: [ '10.2.5' ],
92 silly audit   ms: [ '2.1.3' ],
92 silly audit   negotiator: [ '1.0.0' ],
92 silly audit   nodemon: [ '3.1.14' ],
92 silly audit   'normalize-path': [ '3.0.0' ],
92 silly audit   'object-inspect': [ '1.13.4' ],
92 silly audit   'on-finished': [ '2.4.1' ],
92 silly audit   once: [ '1.4.0' ],
92 silly audit   parseurl: [ '1.3.3' ],
92 silly audit   'path-to-regexp': [ '8.4.2' ],
92 silly audit   picomatch: [ '2.3.2' ],
92 silly audit   'proxy-addr': [ '2.0.7' ],
92 silly audit   'pstree.remy': [ '1.1.8' ],
92 silly audit   qs: [ '6.15.1' ],
92 silly audit   'range-parser': [ '1.2.1' ],
92 silly audit   'raw-body': [ '3.0.2' ],
92 silly audit   readdirp: [ '3.6.0' ],
92 silly audit   router: [ '2.2.0' ],
92 silly audit   'safer-buffer': [ '2.1.2' ],
92 silly audit   semver: [ '7.7.4' ],
92 silly audit   send: [ '1.2.1' ],
92 silly audit   'serve-static': [ '2.2.1' ],
92 silly audit   setprototypeof: [ '1.2.0' ],
92 silly audit   'side-channel': [ '1.1.0' ],
92 silly audit   'side-channel-list': [ '1.0.1' ],
92 silly audit   'side-channel-map': [ '1.0.1' ],
92 silly audit   'side-channel-weakmap': [ '1.0.2' ],
92 silly audit   'simple-update-notifier': [ '2.0.0' ],
92 silly audit   statuses: [ '2.0.2' ],
92 silly audit   'supports-color': [ '5.5.0' ],
92 silly audit   'to-regex-range': [ '5.0.1' ],
92 silly audit   toidentifier: [ '1.0.1' ],
92 silly audit   touch: [ '3.1.1' ],
92 silly audit   'type-is': [ '2.0.1' ],
92 silly audit   undefsafe: [ '2.0.5' ],
92 silly audit   unpipe: [ '1.0.0' ],
92 silly audit   vary: [ '1.1.2' ],
92 silly audit   wrappy: [ '1.0.2' ],
92 silly audit   axios: [ '1.15.2' ],
92 silly audit   'follow-redirects': [ '1.16.0' ],
92 silly audit   'form-data': [ '4.0.5' ],
92 silly audit   'proxy-from-env': [ '2.1.0' ],
92 silly audit   asynckit: [ '0.4.0' ],
92 silly audit   'combined-stream': [ '1.0.8' ],
92 silly audit   'es-set-tostringtag': [ '2.1.0' ],
92 silly audit   'delayed-stream': [ '1.0.0' ],
92 silly audit   'has-tostringtag': [ '1.0.2' ]
92 silly audit }
93 verbose reify failed optional dependency /mnt/c/Users/felip/Desenvolvimento_web/Aula_008/unifaat-2026-dw-project/node_modules/fsevents
94 silly reify mark deleted [
94 silly reify   '/mnt/c/Users/felip/Desenvolvimento_web/Aula_008/unifaat-2026-dw-project/node_modules/fsevents'
94 silly reify ]
95 timing reifyNode:node_modules/fsevents Completed in 23ms
96 silly tarball no local data for has-tostringtag@https://registry.npmjs.org/has-tostringtag/-/has-tostringtag-1.0.2.tgz. Extracting by manifest.
97 silly tarball no local data for delayed-stream@https://registry.npmjs.org/delayed-stream/-/delayed-stream-1.0.0.tgz. Extracting by manifest.
98 silly tarball no local data for combined-stream@https://registry.npmjs.org/combined-stream/-/combined-stream-1.0.8.tgz. Extracting by manifest.
99 silly tarball no local data for es-set-tostringtag@https://registry.npmjs.org/es-set-tostringtag/-/es-set-tostringtag-2.1.0.tgz. Extracting by manifest.
100 silly tarball no local data for asynckit@https://registry.npmjs.org/asynckit/-/asynckit-0.4.0.tgz. Extracting by manifest.
101 silly tarball no local data for form-data@https://registry.npmjs.org/form-data/-/form-data-4.0.5.tgz. Extracting by manifest.
102 silly tarball no local data for follow-redirects@https://registry.npmjs.org/follow-redirects/-/follow-redirects-1.16.0.tgz. Extracting by manifest.
103 silly tarball no local data for proxy-from-env@https://registry.npmjs.org/proxy-from-env/-/proxy-from-env-2.1.0.tgz. Extracting by manifest.
104 silly tarball no local data for axios@https://registry.npmjs.org/axios/-/axios-1.15.2.tgz. Extracting by manifest.
105 silly tarball no local data for mime-db@https://registry.npmjs.org/mime-db/-/mime-db-1.52.0.tgz. Extracting by manifest.
106 silly tarball no local data for mime-types@https://registry.npmjs.org/mime-types/-/mime-types-2.1.35.tgz. Extracting by manifest.
107 http fetch POST 200 https://registry.npmjs.org/-/npm/v1/security/advisories/bulk 333ms
108 timing auditReport:getReport Completed in 343ms
109 silly audit report {}
110 timing auditReport:init Completed in 0ms
111 timing reify:audit Completed in 344ms
112 http fetch GET 200 https://registry.npmjs.org/delayed-stream/-/delayed-stream-1.0.0.tgz 312ms (cache miss)
113 http fetch GET 200 https://registry.npmjs.org/combined-stream/-/combined-stream-1.0.8.tgz 308ms (cache miss)
114 timing reifyNode:node_modules/combined-stream Completed in 405ms
115 timing reifyNode:node_modules/delayed-stream Completed in 412ms
116 http fetch GET 200 https://registry.npmjs.org/mime-types/-/mime-types-2.1.35.tgz 283ms (cache miss)
117 timing reifyNode:node_modules/form-data/node_modules/mime-types Completed in 456ms
118 http fetch GET 200 https://registry.npmjs.org/proxy-from-env/-/proxy-from-env-2.1.0.tgz 378ms (cache miss)
119 timing reifyNode:node_modules/proxy-from-env Completed in 474ms
120 http fetch GET 200 https://registry.npmjs.org/follow-redirects/-/follow-redirects-1.16.0.tgz 412ms (cache miss)
121 timing reifyNode:node_modules/follow-redirects Completed in 504ms
122 http fetch GET 200 https://registry.npmjs.org/es-set-tostringtag/-/es-set-tostringtag-2.1.0.tgz 436ms (cache miss)
123 timing reifyNode:node_modules/es-set-tostringtag Completed in 528ms
124 http fetch GET 200 https://registry.npmjs.org/has-tostringtag/-/has-tostringtag-1.0.2.tgz 471ms (cache miss)
125 http fetch GET 200 https://registry.npmjs.org/mime-db/-/mime-db-1.52.0.tgz 381ms (cache miss)
126 timing reifyNode:node_modules/form-data/node_modules/mime-db Completed in 546ms
127 timing reifyNode:node_modules/has-tostringtag Completed in 553ms
128 http fetch GET 200 https://registry.npmjs.org/form-data/-/form-data-4.0.5.tgz 482ms (cache miss)
129 timing reifyNode:node_modules/form-data Completed in 573ms
130 http fetch GET 200 https://registry.npmjs.org/asynckit/-/asynckit-0.4.0.tgz 509ms (cache miss)
131 timing reifyNode:node_modules/asynckit Completed in 605ms
132 http fetch GET 200 https://registry.npmjs.org/axios/-/axios-1.15.2.tgz 1372ms (cache miss)
133 timing reifyNode:node_modules/axios Completed in 1527ms
134 timing reify:unpack Completed in 1530ms
135 timing reify:unretire Completed in 0ms
136 timing build:queue Completed in 15ms
137 timing build:deps Completed in 16ms
138 timing build Completed in 17ms
139 timing reify:build Completed in 18ms
140 timing reify:trash Completed in 11ms
141 timing reify:save Completed in 89ms
142 timing reify Completed in 2926ms
143 silly ADD node_modules/has-tostringtag
144 silly ADD node_modules/delayed-stream
145 silly ADD node_modules/es-set-tostringtag
146 silly ADD node_modules/combined-stream
147 silly ADD node_modules/asynckit
148 silly ADD node_modules/proxy-from-env
149 silly ADD node_modules/form-data
150 silly ADD node_modules/form-data/node_modules/mime-db
151 silly ADD node_modules/form-data/node_modules/mime-types
152 silly ADD node_modules/follow-redirects
153 silly ADD node_modules/axios
154 silly ADD
155 timing command:install Completed in 2954ms
156 verbose exit 0
157 timing npm Completed in 3103ms
158 info ok
