0 verbose cli /usr/bin/node /usr/bin/npm
1 info using npm@9.2.0
2 info using node@v18.19.1
3 timing npm:load:whichnode Completed in 1ms
4 timing config:load:defaults Completed in 7ms
5 timing config:load:file:/usr/share/nodejs/npm/npmrc Completed in 11ms
6 timing config:load:builtin Completed in 11ms
7 timing config:load:cli Completed in 4ms
8 timing config:load:env Completed in 1ms
9 timing config:load:file:/mnt/c/Users/felip/Desenvolvimento_web/Aula_008/unifaat-2026-dw-project/.npmrc Completed in 1ms
10 timing config:load:project Completed in 16ms
11 timing config:load:file:/home/felipemariano/.npmrc Completed in 0ms
12 timing config:load:user Completed in 1ms
13 timing config:load:file:/etc/npmrc Completed in 1ms
14 timing config:load:global Completed in 1ms
15 timing config:load:setEnvs Completed in 2ms
16 timing config:load Completed in 46ms
17 timing npm:load:configload Completed in 47ms
18 timing npm:load:mkdirpcache Completed in 3ms
19 timing npm:load:mkdirplogs Completed in 2ms
20 verbose title npm install nodemon
21 verbose argv "install" "nodemon"
22 timing npm:load:setTitle Completed in 3ms
23 timing config:load:flatten Completed in 7ms
24 timing npm:load:display Completed in 10ms
25 verbose logfile logs-max:10 dir:/home/felipemariano/.npm/_logs/2026-04-23T23_23_39_374Z-
26 verbose logfile /home/felipemariano/.npm/_logs/2026-04-23T23_23_39_374Z-debug-0.log
27 timing npm:load:logFile Completed in 20ms
28 timing npm:load:timers Completed in 0ms
29 timing npm:load:configScope Completed in 0ms
30 timing npm:load Completed in 88ms
31 silly logfile done cleaning log files
32 timing config:load:flatten Completed in 1ms
33 timing arborist:ctor Completed in 3ms
34 timing idealTree:init Completed in 256ms
35 timing idealTree:userRequests Completed in 5ms
36 silly idealTree buildDeps
37 silly fetch manifest nodemon@^3.1.14
38 http fetch GET 200 https://registry.npmjs.org/nodemon 377ms (cache miss)
39 silly placeDep ROOT nodemon@3.1.14 REPLACE for: unifaat-desenvolvimento-web@1.0.0 want: ^3.1.14
40 timing idealTree:#root Completed in 408ms
41 timing idealTree:node_modules/nodemon Completed in 1ms
42 timing idealTree:buildDeps Completed in 411ms
43 timing idealTree:fixDepFlags Completed in 2ms
44 timing idealTree Completed in 683ms
45 timing reify:loadTrees Completed in 687ms
46 timing reify:diffTrees Completed in 5ms
47 silly reify moves {}
48 timing reify:retireShallow Completed in 3ms
49 timing reify:createSparse Completed in 338ms
50 timing reify:loadBundles Completed in 0ms
51 silly audit bulk request {
51 silly audit   accepts: [ '2.0.0' ],
51 silly audit   anymatch: [ '3.1.3' ],
51 silly audit   'balanced-match': [ '4.0.4' ],
51 silly audit   'binary-extensions': [ '2.3.0' ],
51 silly audit   'body-parser': [ '2.2.2' ],
51 silly audit   'brace-expansion': [ '5.0.5' ],
51 silly audit   braces: [ '3.0.3' ],
51 silly audit   bytes: [ '3.1.2' ],
51 silly audit   'call-bind-apply-helpers': [ '1.0.2' ],
51 silly audit   'call-bound': [ '1.0.4' ],
51 silly audit   chalk: [ '5.6.2' ],
51 silly audit   chokidar: [ '3.6.0' ],
51 silly audit   'content-disposition': [ '1.1.0' ],
51 silly audit   'content-type': [ '1.0.5' ],
51 silly audit   cookie: [ '0.7.2' ],
51 silly audit   'cookie-signature': [ '1.2.2' ],
51 silly audit   debug: [ '4.4.3' ],
51 silly audit   depd: [ '2.0.0' ],
51 silly audit   'dunder-proto': [ '1.0.1' ],
51 silly audit   'ee-first': [ '1.1.1' ],
51 silly audit   encodeurl: [ '2.0.0' ],
51 silly audit   'es-define-property': [ '1.0.1' ],
51 silly audit   'es-errors': [ '1.3.0' ],
51 silly audit   'es-object-atoms': [ '1.1.1' ],
51 silly audit   'escape-html': [ '1.0.3' ],
51 silly audit   etag: [ '1.8.1' ],
51 silly audit   express: [ '5.2.1' ],
51 silly audit   'fill-range': [ '7.1.1' ],
51 silly audit   finalhandler: [ '2.1.1' ],
51 silly audit   forwarded: [ '0.2.0' ],
51 silly audit   fresh: [ '2.0.0' ],
51 silly audit   fsevents: [ '2.3.3' ],
51 silly audit   'function-bind': [ '1.1.2' ],
51 silly audit   'get-intrinsic': [ '1.3.0' ],
51 silly audit   'get-proto': [ '1.0.1' ],
51 silly audit   'glob-parent': [ '5.1.2' ],
51 silly audit   gopd: [ '1.2.0' ],
51 silly audit   'has-flag': [ '3.0.0' ],
51 silly audit   'has-symbols': [ '1.1.0' ],
51 silly audit   hasown: [ '2.0.3' ],
51 silly audit   'http-errors': [ '2.0.1' ],
51 silly audit   'iconv-lite': [ '0.7.2' ],
51 silly audit   'ignore-by-default': [ '1.0.1' ],
51 silly audit   inherits: [ '2.0.4' ],
51 silly audit   'ipaddr.js': [ '1.9.1' ],
51 silly audit   'is-binary-path': [ '2.1.0' ],
51 silly audit   'is-extglob': [ '2.1.1' ],
51 silly audit   'is-glob': [ '4.0.3' ],
51 silly audit   'is-number': [ '7.0.0' ],
51 silly audit   'is-promise': [ '4.0.0' ],
51 silly audit   'math-intrinsics': [ '1.1.0' ],
51 silly audit   'media-typer': [ '1.1.0' ],
51 silly audit   'merge-descriptors': [ '2.0.0' ],
51 silly audit   'mime-db': [ '1.54.0' ],
51 silly audit   'mime-types': [ '3.0.2' ],
51 silly audit   minimatch: [ '10.2.5' ],
51 silly audit   ms: [ '2.1.3' ],
51 silly audit   negotiator: [ '1.0.0' ],
51 silly audit   'normalize-path': [ '3.0.0' ],
51 silly audit   'object-inspect': [ '1.13.4' ],
51 silly audit   'on-finished': [ '2.4.1' ],
51 silly audit   once: [ '1.4.0' ],
51 silly audit   parseurl: [ '1.3.3' ],
51 silly audit   'path-to-regexp': [ '8.4.2' ],
51 silly audit   picomatch: [ '2.3.2' ],
51 silly audit   'proxy-addr': [ '2.0.7' ],
51 silly audit   'pstree.remy': [ '1.1.8' ],
51 silly audit   qs: [ '6.15.1' ],
51 silly audit   'range-parser': [ '1.2.1' ],
51 silly audit   'raw-body': [ '3.0.2' ],
51 silly audit   readdirp: [ '3.6.0' ],
51 silly audit   router: [ '2.2.0' ],
51 silly audit   'safer-buffer': [ '2.1.2' ],
51 silly audit   semver: [ '7.7.4' ],
51 silly audit   send: [ '1.2.1' ],
51 silly audit   'serve-static': [ '2.2.1' ],
51 silly audit   setprototypeof: [ '1.2.0' ],
51 silly audit   'side-channel': [ '1.1.0' ],
51 silly audit   'side-channel-list': [ '1.0.1' ],
51 silly audit   'side-channel-map': [ '1.0.1' ],
51 silly audit   'side-channel-weakmap': [ '1.0.2' ],
51 silly audit   'simple-update-notifier': [ '2.0.0' ],
51 silly audit   statuses: [ '2.0.2' ],
51 silly audit   'supports-color': [ '5.5.0' ],
51 silly audit   'to-regex-range': [ '5.0.1' ],
51 silly audit   toidentifier: [ '1.0.1' ],
51 silly audit   touch: [ '3.1.1' ],
51 silly audit   'type-is': [ '2.0.1' ],
51 silly audit   undefsafe: [ '2.0.5' ],
51 silly audit   unpipe: [ '1.0.0' ],
51 silly audit   vary: [ '1.1.2' ],
51 silly audit   wrappy: [ '1.0.2' ],
51 silly audit   nodemon: [ '3.1.14' ]
51 silly audit }
52 verbose reify failed optional dependency /mnt/c/Users/felip/Desenvolvimento_web/Aula_008/unifaat-2026-dw-project/node_modules/fsevents
53 silly reify mark deleted [
53 silly reify   '/mnt/c/Users/felip/Desenvolvimento_web/Aula_008/unifaat-2026-dw-project/node_modules/fsevents'
53 silly reify ]
54 timing reifyNode:node_modules/fsevents Completed in 96ms
55 silly tarball no local data for wrappy@https://registry.npmjs.org/wrappy/-/wrappy-1.0.2.tgz. Extracting by manifest.
56 silly tarball no local data for nodemon@https://registry.npmjs.org/nodemon/-/nodemon-3.1.14.tgz. Extracting by manifest.
57 silly tarball no local data for unpipe@https://registry.npmjs.org/unpipe/-/unpipe-1.0.0.tgz. Extracting by manifest.
58 silly tarball no local data for type-is@https://registry.npmjs.org/type-is/-/type-is-2.0.1.tgz. Extracting by manifest.
59 silly tarball no local data for undefsafe@https://registry.npmjs.org/undefsafe/-/undefsafe-2.0.5.tgz. Extracting by manifest.
60 silly tarball no local data for vary@https://registry.npmjs.org/vary/-/vary-1.1.2.tgz. Extracting by manifest.
61 silly tarball no local data for toidentifier@https://registry.npmjs.org/toidentifier/-/toidentifier-1.0.1.tgz. Extracting by manifest.
62 silly tarball no local data for touch@https://registry.npmjs.org/touch/-/touch-3.1.1.tgz. Extracting by manifest.
63 silly tarball no local data for statuses@https://registry.npmjs.org/statuses/-/statuses-2.0.2.tgz. Extracting by manifest.
64 silly tarball no local data for simple-update-notifier@https://registry.npmjs.org/simple-update-notifier/-/simple-update-notifier-2.0.0.tgz. Extracting by manifest.
65 silly tarball no local data for supports-color@https://registry.npmjs.org/supports-color/-/supports-color-5.5.0.tgz. Extracting by manifest.
66 silly tarball no local data for side-channel-list@https://registry.npmjs.org/side-channel-list/-/side-channel-list-1.0.1.tgz. Extracting by manifest.
67 silly tarball no local data for to-regex-range@https://registry.npmjs.org/to-regex-range/-/to-regex-range-5.0.1.tgz. Extracting by manifest.
68 silly tarball no local data for proxy-addr@https://registry.npmjs.org/proxy-addr/-/proxy-addr-2.0.7.tgz. Extracting by manifest.
69 silly tarball no local data for serve-static@https://registry.npmjs.org/serve-static/-/serve-static-2.2.1.tgz. Extracting by manifest.
70 silly tarball no local data for picomatch@https://registry.npmjs.org/picomatch/-/picomatch-2.3.2.tgz. Extracting by manifest.
71 silly tarball no local data for setprototypeof@https://registry.npmjs.org/setprototypeof/-/setprototypeof-1.2.0.tgz. Extracting by manifest.
72 silly tarball no local data for safer-buffer@https://registry.npmjs.org/safer-buffer/-/safer-buffer-2.1.2.tgz. Extracting by manifest.
73 silly tarball no local data for raw-body@https://registry.npmjs.org/raw-body/-/raw-body-3.0.2.tgz. Extracting by manifest.
74 silly tarball no local data for side-channel-map@https://registry.npmjs.org/side-channel-map/-/side-channel-map-1.0.1.tgz. Extracting by manifest.
75 silly tarball no local data for path-to-regexp@https://registry.npmjs.org/path-to-regexp/-/path-to-regexp-8.4.2.tgz. Extracting by manifest.
76 silly tarball no local data for side-channel@https://registry.npmjs.org/side-channel/-/side-channel-1.1.0.tgz. Extracting by manifest.
77 silly tarball no local data for side-channel-weakmap@https://registry.npmjs.org/side-channel-weakmap/-/side-channel-weakmap-1.0.2.tgz. Extracting by manifest.
78 silly tarball no local data for once@https://registry.npmjs.org/once/-/once-1.4.0.tgz. Extracting by manifest.
79 silly tarball no local data for semver@https://registry.npmjs.org/semver/-/semver-7.7.4.tgz. Extracting by manifest.
80 silly tarball no local data for send@https://registry.npmjs.org/send/-/send-1.2.1.tgz. Extracting by manifest.
81 silly tarball no local data for readdirp@https://registry.npmjs.org/readdirp/-/readdirp-3.6.0.tgz. Extracting by manifest.
82 silly tarball no local data for router@https://registry.npmjs.org/router/-/router-2.2.0.tgz. Extracting by manifest.
83 silly tarball no local data for pstree.remy@https://registry.npmjs.org/pstree.remy/-/pstree.remy-1.1.8.tgz. Extracting by manifest.
84 silly tarball no local data for qs@https://registry.npmjs.org/qs/-/qs-6.15.1.tgz. Extracting by manifest.
85 silly tarball no local data for range-parser@https://registry.npmjs.org/range-parser/-/range-parser-1.2.1.tgz. Extracting by manifest.
86 silly tarball no local data for object-inspect@https://registry.npmjs.org/object-inspect/-/object-inspect-1.13.4.tgz. Extracting by manifest.
87 silly tarball no local data for parseurl@https://registry.npmjs.org/parseurl/-/parseurl-1.3.3.tgz. Extracting by manifest.
88 silly tarball no local data for minimatch@https://registry.npmjs.org/minimatch/-/minimatch-10.2.5.tgz. Extracting by manifest.
89 silly tarball no local data for on-finished@https://registry.npmjs.org/on-finished/-/on-finished-2.4.1.tgz. Extracting by manifest.
90 silly tarball no local data for ms@https://registry.npmjs.org/ms/-/ms-2.1.3.tgz. Extracting by manifest.
91 silly tarball no local data for media-typer@https://registry.npmjs.org/media-typer/-/media-typer-1.1.0.tgz. Extracting by manifest.
92 silly tarball no local data for normalize-path@https://registry.npmjs.org/normalize-path/-/normalize-path-3.0.0.tgz. Extracting by manifest.
93 silly tarball no local data for negotiator@https://registry.npmjs.org/negotiator/-/negotiator-1.0.0.tgz. Extracting by manifest.
94 silly tarball no local data for mime-db@https://registry.npmjs.org/mime-db/-/mime-db-1.54.0.tgz. Extracting by manifest.
95 silly tarball no local data for merge-descriptors@https://registry.npmjs.org/merge-descriptors/-/merge-descriptors-2.0.0.tgz. Extracting by manifest.
96 silly tarball no local data for math-intrinsics@https://registry.npmjs.org/math-intrinsics/-/math-intrinsics-1.1.0.tgz. Extracting by manifest.
97 silly tarball no local data for mime-types@https://registry.npmjs.org/mime-types/-/mime-types-3.0.2.tgz. Extracting by manifest.
98 silly tarball no local data for is-number@https://registry.npmjs.org/is-number/-/is-number-7.0.0.tgz. Extracting by manifest.
99 silly tarball no local data for is-promise@https://registry.npmjs.org/is-promise/-/is-promise-4.0.0.tgz. Extracting by manifest.
100 silly tarball no local data for has-flag@https://registry.npmjs.org/has-flag/-/has-flag-3.0.0.tgz. Extracting by manifest.
101 http fetch POST 200 https://registry.npmjs.org/-/npm/v1/security/advisories/bulk 741ms
102 timing auditReport:getReport Completed in 752ms
103 silly audit report {}
104 timing auditReport:init Completed in 0ms
105 timing reify:audit Completed in 754ms
106 silly tarball no local data for es-object-atoms@https://registry.npmjs.org/es-object-atoms/-/es-object-atoms-1.1.1.tgz. Extracting by manifest.
107 silly tarball no local data for is-binary-path@https://registry.npmjs.org/is-binary-path/-/is-binary-path-2.1.0.tgz. Extracting by manifest.
108 silly tarball no local data for es-errors@https://registry.npmjs.org/es-errors/-/es-errors-1.3.0.tgz. Extracting by manifest.
109 silly tarball no local data for get-intrinsic@https://registry.npmjs.org/get-intrinsic/-/get-intrinsic-1.3.0.tgz. Extracting by manifest.
110 silly tarball no local data for function-bind@https://registry.npmjs.org/function-bind/-/function-bind-1.1.2.tgz. Extracting by manifest.
111 silly tarball no local data for is-glob@https://registry.npmjs.org/is-glob/-/is-glob-4.0.3.tgz. Extracting by manifest.
112 silly tarball no local data for is-extglob@https://registry.npmjs.org/is-extglob/-/is-extglob-2.1.1.tgz. Extracting by manifest.
113 silly tarball no local data for ipaddr.js@https://registry.npmjs.org/ipaddr.js/-/ipaddr.js-1.9.1.tgz. Extracting by manifest.
114 silly tarball no local data for inherits@https://registry.npmjs.org/inherits/-/inherits-2.0.4.tgz. Extracting by manifest.
115 silly tarball no local data for http-errors@https://registry.npmjs.org/http-errors/-/http-errors-2.0.1.tgz. Extracting by manifest.
116 silly tarball no local data for ignore-by-default@https://registry.npmjs.org/ignore-by-default/-/ignore-by-default-1.0.1.tgz. Extracting by manifest.
117 silly tarball no local data for iconv-lite@https://registry.npmjs.org/iconv-lite/-/iconv-lite-0.7.2.tgz. Extracting by manifest.
118 silly tarball no local data for hasown@https://registry.npmjs.org/hasown/-/hasown-2.0.3.tgz. Extracting by manifest.
119 silly tarball no local data for has-symbols@https://registry.npmjs.org/has-symbols/-/has-symbols-1.1.0.tgz. Extracting by manifest.
120 silly tarball no local data for gopd@https://registry.npmjs.org/gopd/-/gopd-1.2.0.tgz. Extracting by manifest.
121 silly tarball no local data for get-proto@https://registry.npmjs.org/get-proto/-/get-proto-1.0.1.tgz. Extracting by manifest.
122 silly tarball no local data for glob-parent@https://registry.npmjs.org/glob-parent/-/glob-parent-5.1.2.tgz. Extracting by manifest.
123 silly tarball no local data for fresh@https://registry.npmjs.org/fresh/-/fresh-2.0.0.tgz. Extracting by manifest.
124 silly tarball no local data for fill-range@https://registry.npmjs.org/fill-range/-/fill-range-7.1.1.tgz. Extracting by manifest.
125 silly tarball no local data for finalhandler@https://registry.npmjs.org/finalhandler/-/finalhandler-2.1.1.tgz. Extracting by manifest.
126 silly tarball no local data for express@https://registry.npmjs.org/express/-/express-5.2.1.tgz. Extracting by manifest.
127 silly tarball no local data for forwarded@https://registry.npmjs.org/forwarded/-/forwarded-0.2.0.tgz. Extracting by manifest.
128 silly tarball no local data for etag@https://registry.npmjs.org/etag/-/etag-1.8.1.tgz. Extracting by manifest.
129 silly tarball no local data for escape-html@https://registry.npmjs.org/escape-html/-/escape-html-1.0.3.tgz. Extracting by manifest.
130 silly tarball no local data for encodeurl@https://registry.npmjs.org/encodeurl/-/encodeurl-2.0.0.tgz. Extracting by manifest.
131 silly tarball no local data for es-define-property@https://registry.npmjs.org/es-define-property/-/es-define-property-1.0.1.tgz. Extracting by manifest.
132 silly tarball no local data for ee-first@https://registry.npmjs.org/ee-first/-/ee-first-1.1.1.tgz. Extracting by manifest.
133 silly tarball no local data for content-type@https://registry.npmjs.org/content-type/-/content-type-1.0.5.tgz. Extracting by manifest.
134 silly tarball no local data for cookie-signature@https://registry.npmjs.org/cookie-signature/-/cookie-signature-1.2.2.tgz. Extracting by manifest.
135 silly tarball no local data for chalk@https://registry.npmjs.org/chalk/-/chalk-5.6.2.tgz. Extracting by manifest.
136 silly tarball no local data for depd@https://registry.npmjs.org/depd/-/depd-2.0.0.tgz. Extracting by manifest.
137 silly tarball no local data for bytes@https://registry.npmjs.org/bytes/-/bytes-3.1.2.tgz. Extracting by manifest.
138 silly tarball no local data for cookie@https://registry.npmjs.org/cookie/-/cookie-0.7.2.tgz. Extracting by manifest.
139 silly tarball no local data for body-parser@https://registry.npmjs.org/body-parser/-/body-parser-2.2.2.tgz. Extracting by manifest.
140 silly tarball no local data for debug@https://registry.npmjs.org/debug/-/debug-4.4.3.tgz. Extracting by manifest.
141 silly tarball no local data for balanced-match@https://registry.npmjs.org/balanced-match/-/balanced-match-4.0.4.tgz. Extracting by manifest.
142 silly tarball no local data for dunder-proto@https://registry.npmjs.org/dunder-proto/-/dunder-proto-1.0.1.tgz. Extracting by manifest.
143 silly tarball no local data for accepts@https://registry.npmjs.org/accepts/-/accepts-2.0.0.tgz. Extracting by manifest.
144 silly tarball no local data for content-disposition@https://registry.npmjs.org/content-disposition/-/content-disposition-1.1.0.tgz. Extracting by manifest.
145 silly tarball no local data for chokidar@https://registry.npmjs.org/chokidar/-/chokidar-3.6.0.tgz. Extracting by manifest.
146 silly tarball no local data for call-bound@https://registry.npmjs.org/call-bound/-/call-bound-1.0.4.tgz. Extracting by manifest.
147 silly tarball no local data for call-bind-apply-helpers@https://registry.npmjs.org/call-bind-apply-helpers/-/call-bind-apply-helpers-1.0.2.tgz. Extracting by manifest.
148 silly tarball no local data for brace-expansion@https://registry.npmjs.org/brace-expansion/-/brace-expansion-5.0.5.tgz. Extracting by manifest.
149 silly tarball no local data for braces@https://registry.npmjs.org/braces/-/braces-3.0.3.tgz. Extracting by manifest.
150 silly tarball no local data for binary-extensions@https://registry.npmjs.org/binary-extensions/-/binary-extensions-2.3.0.tgz. Extracting by manifest.
151 silly tarball no local data for anymatch@https://registry.npmjs.org/anymatch/-/anymatch-3.1.3.tgz. Extracting by manifest.
152 http fetch GET 200 https://registry.npmjs.org/wrappy/-/wrappy-1.0.2.tgz 1906ms (cache miss)
153 timing reifyNode:node_modules/wrappy Completed in 2056ms
154 http fetch GET 200 https://registry.npmjs.org/type-is/-/type-is-2.0.1.tgz 2122ms (cache miss)
155 http fetch GET 200 https://registry.npmjs.org/is-promise/-/is-promise-4.0.0.tgz 1694ms (cache miss)
156 http fetch GET 200 https://registry.npmjs.org/has-flag/-/has-flag-3.0.0.tgz 1667ms (cache miss)
157 timing reifyNode:node_modules/has-flag Completed in 2301ms
158 http fetch GET 200 https://registry.npmjs.org/content-disposition/-/content-disposition-1.1.0.tgz 1354ms (cache miss)
159 http fetch GET 200 https://registry.npmjs.org/unpipe/-/unpipe-1.0.0.tgz 2130ms (cache miss)
160 timing reifyNode:node_modules/unpipe Completed in 2311ms
161 http fetch GET 200 https://registry.npmjs.org/serve-static/-/serve-static-2.2.1.tgz 1987ms (cache miss)
162 timing reifyNode:node_modules/serve-static Completed in 2309ms
163 timing reifyNode:node_modules/content-disposition Completed in 2313ms
164 timing reifyNode:node_modules/is-promise Completed in 2350ms
165 http fetch GET 200 https://registry.npmjs.org/touch/-/touch-3.1.1.tgz 2115ms (cache miss)
166 timing reifyNode:node_modules/touch Completed in 2356ms
167 http fetch GET 200 https://registry.npmjs.org/safer-buffer/-/safer-buffer-2.1.2.tgz 2018ms (cache miss)
168 timing reifyNode:node_modules/safer-buffer Completed in 2357ms
169 http fetch GET 200 https://registry.npmjs.org/raw-body/-/raw-body-3.0.2.tgz 2044ms (cache miss)
170 http fetch GET 200 https://registry.npmjs.org/setprototypeof/-/setprototypeof-1.2.0.tgz 2063ms (cache miss)
171 timing reifyNode:node_modules/setprototypeof Completed in 2400ms
172 http fetch GET 200 https://registry.npmjs.org/ms/-/ms-2.1.3.tgz 1942ms (cache miss)
173 timing reifyNode:node_modules/ms Completed in 2400ms
174 http fetch GET 200 https://registry.npmjs.org/merge-descriptors/-/merge-descriptors-2.0.0.tgz 1907ms (cache miss)
175 timing reifyNode:node_modules/merge-descriptors Completed in 2401ms
176 http fetch GET 200 https://registry.npmjs.org/statuses/-/statuses-2.0.2.tgz 2154ms (cache miss)
177 timing reifyNode:node_modules/statuses Completed in 2406ms
178 timing reifyNode:node_modules/raw-body Completed in 2409ms
179 http fetch GET 200 https://registry.npmjs.org/toidentifier/-/toidentifier-1.0.1.tgz 2227ms (cache miss)
180 timing reifyNode:node_modules/toidentifier Completed in 2421ms
181 http fetch GET 200 https://registry.npmjs.org/vary/-/vary-1.1.2.tgz 2261ms (cache miss)
182 timing reifyNode:node_modules/vary Completed in 2453ms
183 http fetch GET 200 https://registry.npmjs.org/etag/-/etag-1.8.1.tgz 1627ms (cache miss)
184 timing reifyNode:node_modules/etag Completed in 2445ms
185 http fetch GET 200 https://registry.npmjs.org/fresh/-/fresh-2.0.0.tgz 1645ms (cache miss)
186 timing reifyNode:node_modules/fresh Completed in 2448ms
187 http fetch GET 200 https://registry.npmjs.org/is-glob/-/is-glob-4.0.3.tgz 1692ms (cache miss)
188 timing reifyNode:node_modules/is-glob Completed in 2460ms
189 http fetch GET 200 https://registry.npmjs.org/once/-/once-1.4.0.tgz 2080ms (cache miss)
190 timing reifyNode:node_modules/once Completed in 2463ms
191 timing reifyNode:node_modules/type-is Completed in 2470ms
192 http fetch GET 200 https://registry.npmjs.org/is-binary-path/-/is-binary-path-2.1.0.tgz 1715ms (cache miss)
193 timing reifyNode:node_modules/is-binary-path Completed in 2466ms
194 http fetch GET 200 https://registry.npmjs.org/ignore-by-default/-/ignore-by-default-1.0.1.tgz 1685ms (cache miss)
195 timing reifyNode:node_modules/ignore-by-default Completed in 2467ms
196 http fetch GET 200 https://registry.npmjs.org/bytes/-/bytes-3.1.2.tgz 1627ms (cache miss)
197 timing reifyNode:node_modules/bytes Completed in 2464ms
198 http fetch GET 200 https://registry.npmjs.org/supports-color/-/supports-color-5.5.0.tgz 2210ms (cache miss)
199 timing reifyNode:node_modules/supports-color Completed in 2476ms
200 http fetch GET 200 https://registry.npmjs.org/balanced-match/-/balanced-match-4.0.4.tgz 1531ms (cache miss)
201 http fetch GET 200 https://registry.npmjs.org/content-type/-/content-type-1.0.5.tgz 1640ms (cache miss)
202 timing reifyNode:node_modules/content-type Completed in 2470ms
203 http fetch GET 200 https://registry.npmjs.org/forwarded/-/forwarded-0.2.0.tgz 1662ms (cache miss)
204 timing reifyNode:node_modules/forwarded Completed in 2477ms
205 http fetch GET 200 https://registry.npmjs.org/http-errors/-/http-errors-2.0.1.tgz 1712ms (cache miss)
206 timing reifyNode:node_modules/http-errors Completed in 2489ms
207 http fetch GET 200 https://registry.npmjs.org/side-channel-map/-/side-channel-map-1.0.1.tgz 2142ms (cache miss)
208 http fetch GET 200 https://registry.npmjs.org/escape-html/-/escape-html-1.0.3.tgz 1682ms (cache miss)
209 timing reifyNode:node_modules/escape-html Completed in 2502ms
210 http fetch GET 200 https://registry.npmjs.org/undefsafe/-/undefsafe-2.0.5.tgz 2330ms (cache miss)
211 timing reifyNode:node_modules/undefsafe Completed in 2517ms
212 http fetch GET 200 https://registry.npmjs.org/cookie-signature/-/cookie-signature-1.2.2.tgz 1690ms (cache miss)
213 timing reifyNode:node_modules/cookie-signature Completed in 2522ms
214 http fetch GET 200 https://registry.npmjs.org/es-define-property/-/es-define-property-1.0.1.tgz 1700ms (cache miss)
215 http fetch GET 200 https://registry.npmjs.org/media-typer/-/media-typer-1.1.0.tgz 2064ms (cache miss)
216 timing reifyNode:node_modules/media-typer Completed in 2534ms
217 http fetch GET 200 https://registry.npmjs.org/readdirp/-/readdirp-3.6.0.tgz 2147ms (cache miss)
218 timing reifyNode:node_modules/readdirp Completed in 2544ms
219 http fetch GET 200 https://registry.npmjs.org/range-parser/-/range-parser-1.2.1.tgz 2114ms (cache miss)
220 timing reifyNode:node_modules/range-parser Completed in 2544ms
221 http fetch GET 200 https://registry.npmjs.org/side-channel-weakmap/-/side-channel-weakmap-1.0.2.tgz 2177ms (cache miss)
222 http fetch GET 200 https://registry.npmjs.org/fill-range/-/fill-range-7.1.1.tgz 1753ms (cache miss)
223 timing reifyNode:node_modules/fill-range Completed in 2558ms
224 http fetch GET 200 https://registry.npmjs.org/encodeurl/-/encodeurl-2.0.0.tgz 1740ms (cache miss)
225 timing reifyNode:node_modules/encodeurl Completed in 2561ms
226 http fetch GET 200 https://registry.npmjs.org/normalize-path/-/normalize-path-3.0.0.tgz 2090ms (cache miss)
227 timing reifyNode:node_modules/normalize-path Completed in 2566ms
228 http fetch GET 200 https://registry.npmjs.org/anymatch/-/anymatch-3.1.3.tgz 1597ms (cache miss)
229 timing reifyNode:node_modules/anymatch Completed in 2561ms
230 http fetch GET 200 https://registry.npmjs.org/parseurl/-/parseurl-1.3.3.tgz 2128ms (cache miss)
231 timing reifyNode:node_modules/parseurl Completed in 2570ms
232 http fetch GET 200 https://registry.npmjs.org/to-regex-range/-/to-regex-range-5.0.1.tgz 2300ms (cache miss)
233 timing reifyNode:node_modules/to-regex-range Completed in 2574ms
234 http fetch GET 200 https://registry.npmjs.org/ee-first/-/ee-first-1.1.1.tgz 1740ms (cache miss)
235 timing reifyNode:node_modules/ee-first Completed in 2567ms
236 http fetch GET 200 https://registry.npmjs.org/glob-parent/-/glob-parent-5.1.2.tgz 1770ms (cache miss)
237 timing reifyNode:node_modules/glob-parent Completed in 2570ms
238 http fetch GET 200 https://registry.npmjs.org/is-extglob/-/is-extglob-2.1.1.tgz 1802ms (cache miss)
239 timing reifyNode:node_modules/is-extglob Completed in 2572ms
240 http fetch GET 200 https://registry.npmjs.org/proxy-addr/-/proxy-addr-2.0.7.tgz 2265ms (cache miss)
241 timing reifyNode:node_modules/proxy-addr Completed in 2583ms
242 timing reifyNode:node_modules/side-channel-map Completed in 2586ms
243 http fetch GET 200 https://registry.npmjs.org/mime-types/-/mime-types-3.0.2.tgz 2081ms (cache miss)
244 timing reifyNode:node_modules/es-define-property Completed in 2604ms
245 http fetch GET 200 https://registry.npmjs.org/binary-extensions/-/binary-extensions-2.3.0.tgz 1647ms (cache miss)
246 timing reifyNode:node_modules/binary-extensions Completed in 2609ms
247 http fetch GET 200 https://registry.npmjs.org/hasown/-/hasown-2.0.3.tgz 1825ms (cache miss)
248 timing reifyNode:node_modules/hasown Completed in 2614ms
249 http fetch GET 200 https://registry.npmjs.org/inherits/-/inherits-2.0.4.tgz 1841ms (cache miss)
250 timing reifyNode:node_modules/inherits Completed in 2616ms
251 http fetch GET 200 https://registry.npmjs.org/is-number/-/is-number-7.0.0.tgz 2078ms (cache miss)
252 timing reifyNode:node_modules/is-number Completed in 2619ms
253 http fetch GET 200 https://registry.npmjs.org/on-finished/-/on-finished-2.4.1.tgz 2171ms (cache miss)
254 timing reifyNode:node_modules/on-finished Completed in 2623ms
255 timing reifyNode:node_modules/mime-types Completed in 2638ms
256 http fetch GET 200 https://registry.npmjs.org/cookie/-/cookie-0.7.2.tgz 1794ms (cache miss)
257 timing reifyNode:node_modules/cookie Completed in 2635ms
258 http fetch GET 200 https://registry.npmjs.org/gopd/-/gopd-1.2.0.tgz 1852ms (cache miss)
259 http fetch GET 200 https://registry.npmjs.org/send/-/send-1.2.1.tgz 2273ms (cache miss)
260 timing reifyNode:node_modules/send Completed in 2663ms
261 http fetch GET 200 https://registry.npmjs.org/side-channel-list/-/side-channel-list-1.0.1.tgz 2396ms (cache miss)
262 timing reifyNode:node_modules/side-channel-list Completed in 2665ms
263 timing reifyNode:node_modules/side-channel-weakmap Completed in 2669ms
264 http fetch GET 200 https://registry.npmjs.org/side-channel/-/side-channel-1.1.0.tgz 2293ms (cache miss)
265 timing reifyNode:node_modules/side-channel Completed in 2669ms
266 http fetch GET 200 https://registry.npmjs.org/negotiator/-/negotiator-1.0.0.tgz 2186ms (cache miss)
267 timing reifyNode:node_modules/negotiator Completed in 2669ms
268 http fetch GET 200 https://registry.npmjs.org/get-intrinsic/-/get-intrinsic-1.3.0.tgz 1920ms (cache miss)
269 http fetch GET 200 https://registry.npmjs.org/pstree.remy/-/pstree.remy-1.1.8.tgz 2279ms (cache miss)
270 http fetch GET 200 https://registry.npmjs.org/simple-update-notifier/-/simple-update-notifier-2.0.0.tgz 2459ms (cache miss)
271 http fetch GET 200 https://registry.npmjs.org/get-proto/-/get-proto-1.0.1.tgz 1922ms (cache miss)
272 http fetch GET 200 https://registry.npmjs.org/depd/-/depd-2.0.0.tgz 1888ms (cache miss)
273 timing reifyNode:node_modules/depd Completed in 2724ms
274 http fetch GET 200 https://registry.npmjs.org/accepts/-/accepts-2.0.0.tgz 1783ms (cache miss)
275 timing reifyNode:node_modules/accepts Completed in 2724ms
276 timing reifyNode:node_modules/gopd Completed in 2730ms
277 timing reifyNode:node_modules/get-intrinsic Completed in 2733ms
278 http fetch GET 200 https://registry.npmjs.org/es-object-atoms/-/es-object-atoms-1.1.1.tgz 1998ms (cache miss)
279 timing reifyNode:node_modules/simple-update-notifier Completed in 2770ms
280 http fetch GET 200 https://registry.npmjs.org/finalhandler/-/finalhandler-2.1.1.tgz 1957ms (cache miss)
281 timing reifyNode:node_modules/finalhandler Completed in 2766ms
282 http fetch GET 200 https://registry.npmjs.org/dunder-proto/-/dunder-proto-1.0.1.tgz 1827ms (cache miss)
283 timing reifyNode:node_modules/pstree.remy Completed in 2794ms
284 timing reifyNode:node_modules/get-proto Completed in 2791ms
285 http fetch GET 200 https://registry.npmjs.org/ipaddr.js/-/ipaddr.js-1.9.1.tgz 2021ms (cache miss)
286 timing reifyNode:node_modules/ipaddr.js Completed in 2793ms
287 http fetch GET 200 https://registry.npmjs.org/function-bind/-/function-bind-1.1.2.tgz 2032ms (cache miss)
288 timing reifyNode:node_modules/es-object-atoms Completed in 2816ms
289 timing reifyNode:node_modules/function-bind Completed in 2818ms
290 timing reifyNode:node_modules/balanced-match Completed in 2834ms
291 timing reifyNode:node_modules/dunder-proto Completed in 2835ms
292 http fetch GET 200 https://registry.npmjs.org/es-errors/-/es-errors-1.3.0.tgz 2130ms (cache miss)
293 http fetch GET 200 https://registry.npmjs.org/call-bound/-/call-bound-1.0.4.tgz 1944ms (cache miss)
294 timing reifyNode:node_modules/call-bound Completed in 2895ms
295 http fetch GET 200 https://registry.npmjs.org/router/-/router-2.2.0.tgz 2509ms (cache miss)
296 timing reifyNode:node_modules/router Completed in 2909ms
297 http fetch GET 200 https://registry.npmjs.org/chokidar/-/chokidar-3.6.0.tgz 1955ms (cache miss)
298 timing reifyNode:node_modules/chokidar Completed in 2902ms
299 http fetch GET 200 https://registry.npmjs.org/path-to-regexp/-/path-to-regexp-8.4.2.tgz 2547ms (cache miss)
300 timing reifyNode:node_modules/path-to-regexp Completed in 2911ms
301 http fetch GET 200 https://registry.npmjs.org/call-bind-apply-helpers/-/call-bind-apply-helpers-1.0.2.tgz 1978ms (cache miss)
302 timing reifyNode:node_modules/es-errors Completed in 2934ms
303 http fetch GET 200 https://registry.npmjs.org/mime-db/-/mime-db-1.54.0.tgz 2468ms (cache miss)
304 timing reifyNode:node_modules/mime-db Completed in 2956ms
305 http fetch GET 200 https://registry.npmjs.org/brace-expansion/-/brace-expansion-5.0.5.tgz 2005ms (cache miss)
306 timing reifyNode:node_modules/call-bind-apply-helpers Completed in 2966ms
307 http fetch GET 200 https://registry.npmjs.org/debug/-/debug-4.4.3.tgz 2042ms (cache miss)
308 timing reifyNode:node_modules/debug Completed in 2976ms
309 timing reifyNode:node_modules/brace-expansion Completed in 2976ms
310 http fetch GET 200 https://registry.npmjs.org/has-symbols/-/has-symbols-1.1.0.tgz 2227ms (cache miss)
311 http fetch GET 200 https://registry.npmjs.org/picomatch/-/picomatch-2.3.2.tgz 2699ms (cache miss)
312 timing reifyNode:node_modules/picomatch Completed in 3023ms
313 http fetch GET 200 https://registry.npmjs.org/braces/-/braces-3.0.3.tgz 2060ms (cache miss)
314 timing reifyNode:node_modules/braces Completed in 3017ms
315 timing reifyNode:node_modules/has-symbols Completed in 3024ms
316 http fetch GET 200 https://registry.npmjs.org/chalk/-/chalk-5.6.2.tgz 2200ms (cache miss)
317 timing reifyNode:node_modules/chalk Completed in 3034ms
318 http fetch GET 200 https://registry.npmjs.org/body-parser/-/body-parser-2.2.2.tgz 2189ms (cache miss)
319 timing reifyNode:node_modules/body-parser Completed in 3039ms
320 http fetch GET 200 https://registry.npmjs.org/express/-/express-5.2.1.tgz 2236ms (cache miss)
321 timing reifyNode:node_modules/express Completed in 3048ms
322 http fetch GET 200 https://registry.npmjs.org/math-intrinsics/-/math-intrinsics-1.1.0.tgz 2600ms (cache miss)
323 timing reifyNode:node_modules/math-intrinsics Completed in 3127ms
324 http fetch GET 200 https://registry.npmjs.org/object-inspect/-/object-inspect-1.13.4.tgz 2763ms (cache miss)
325 timing reifyNode:node_modules/object-inspect Completed in 3198ms
326 http fetch GET 200 https://registry.npmjs.org/semver/-/semver-7.7.4.tgz 2865ms (cache miss)
327 timing reifyNode:node_modules/semver Completed in 3252ms
328 http fetch GET 200 https://registry.npmjs.org/qs/-/qs-6.15.1.tgz 2850ms (cache miss)
329 timing reifyNode:node_modules/qs Completed in 3276ms
330 http fetch GET 200 https://registry.npmjs.org/iconv-lite/-/iconv-lite-0.7.2.tgz 2608ms (cache miss)
331 timing reifyNode:node_modules/iconv-lite Completed in 3399ms
332 http fetch GET 200 https://registry.npmjs.org/minimatch/-/minimatch-10.2.5.tgz 3069ms (cache miss)
333 http fetch GET 200 https://registry.npmjs.org/nodemon/-/nodemon-3.1.14.tgz 3370ms (cache miss)
334 timing reifyNode:node_modules/minimatch Completed in 3522ms
335 timing reifyNode:node_modules/nodemon Completed in 3535ms
336 timing reify:unpack Completed in 3535ms
337 timing reify:unretire Completed in 0ms
338 timing build:queue Completed in 56ms
339 timing build:link:node_modules/semver Completed in 43ms
340 timing build:link:node_modules/nodemon Completed in 47ms
341 timing build:link:node_modules/touch Completed in 46ms
342 timing build:link Completed in 49ms
343 timing build:deps Completed in 108ms
344 timing build Completed in 108ms
345 timing reify:build Completed in 109ms
346 timing reify:trash Completed in 14ms
347 timing reify:save Completed in 96ms
348 timing reify Completed in 4858ms
349 silly ADD node_modules/nodemon
350 silly ADD node_modules/wrappy
351 silly ADD node_modules/vary
352 silly ADD node_modules/unpipe
353 silly ADD node_modules/undefsafe
354 silly ADD node_modules/type-is
355 silly ADD node_modules/touch
356 silly ADD node_modules/toidentifier
357 silly ADD node_modules/to-regex-range
358 silly ADD node_modules/supports-color
359 silly ADD node_modules/statuses
360 silly ADD node_modules/simple-update-notifier
361 silly ADD node_modules/side-channel-weakmap
362 silly ADD node_modules/side-channel-map
363 silly ADD node_modules/side-channel-list
364 silly ADD node_modules/side-channel
365 silly ADD node_modules/setprototypeof
366 silly ADD node_modules/serve-static
367 silly ADD node_modules/send
368 silly ADD node_modules/semver
369 silly ADD node_modules/safer-buffer
370 silly ADD node_modules/router
371 silly ADD node_modules/readdirp
372 silly ADD node_modules/raw-body
373 silly ADD node_modules/range-parser
374 silly ADD node_modules/qs
375 silly ADD node_modules/pstree.remy
376 silly ADD node_modules/proxy-addr
377 silly ADD node_modules/picomatch
378 silly ADD node_modules/path-to-regexp
379 silly ADD node_modules/parseurl
380 silly ADD node_modules/once
381 silly ADD node_modules/on-finished
382 silly ADD node_modules/object-inspect
383 silly ADD node_modules/normalize-path
384 silly ADD node_modules/negotiator
385 silly ADD node_modules/ms
386 silly ADD node_modules/minimatch
387 silly ADD node_modules/mime-types
388 silly ADD node_modules/mime-db
389 silly ADD node_modules/merge-descriptors
390 silly ADD node_modules/media-typer
391 silly ADD node_modules/math-intrinsics
392 silly ADD node_modules/is-promise
393 silly ADD node_modules/is-number
394 silly ADD node_modules/is-glob
395 silly ADD node_modules/is-extglob
396 silly ADD node_modules/is-binary-path
397 silly ADD node_modules/ipaddr.js
398 silly ADD node_modules/inherits
399 silly ADD node_modules/ignore-by-default
400 silly ADD node_modules/iconv-lite
401 silly ADD node_modules/http-errors
402 silly ADD node_modules/hasown
403 silly ADD node_modules/has-symbols
404 silly ADD node_modules/has-flag
405 silly ADD node_modules/gopd
406 silly ADD node_modules/glob-parent
407 silly ADD node_modules/get-proto
408 silly ADD node_modules/get-intrinsic
409 silly ADD node_modules/function-bind
410 silly ADD
411 silly ADD node_modules/fresh
412 silly ADD node_modules/forwarded
413 silly ADD node_modules/finalhandler
414 silly ADD node_modules/fill-range
415 silly ADD node_modules/express
416 silly ADD node_modules/etag
417 silly ADD node_modules/escape-html
418 silly ADD node_modules/es-object-atoms
419 silly ADD node_modules/es-errors
420 silly ADD node_modules/es-define-property
421 silly ADD node_modules/encodeurl
422 silly ADD node_modules/ee-first
423 silly ADD node_modules/dunder-proto
424 silly ADD node_modules/depd
425 silly ADD node_modules/debug
426 silly ADD node_modules/cookie-signature
427 silly ADD node_modules/cookie
428 silly ADD node_modules/content-type
429 silly ADD node_modules/content-disposition
430 silly ADD node_modules/chokidar
431 silly ADD node_modules/chalk
432 silly ADD node_modules/call-bound
433 silly ADD node_modules/call-bind-apply-helpers
434 silly ADD node_modules/bytes
435 silly ADD node_modules/braces
436 silly ADD node_modules/brace-expansion
437 silly ADD node_modules/body-parser
438 silly ADD node_modules/binary-extensions
439 silly ADD node_modules/balanced-match
440 silly ADD node_modules/anymatch
441 silly ADD node_modules/accepts
442 timing command:install Completed in 4885ms
443 verbose exit 0
444 timing npm Completed in 5031ms
445 info ok
